/var/log/sites/alshaya01live/logs/web-2266/php-errors.log-5774-[28-Nov-2022 15:18:49 Africa/Cairo] Uncaught PHP Exception Symfony\Component\HttpKernel\Exception\ControllerDoesNotReturnResponseException: "The controller must return a "Symfony\Component\HttpFoundation\Response" object but it returned null. Did you forget to add a return statement somewhere in your controller?" at /mnt/www/html/alshaya01live/docroot/core/lib/Drupal/Core/EventSubscriber/EarlyRenderingControllerWrapperSubscriber.php line 98 request_id="v-31fb1266-6f1f-11ed-8c31-2bf10ef64f5e"
/var/log/sites/alshaya01live/logs/web-2266/php-errors.log-6271-[28-Nov-2022 13:41:17 UTC] Error: Call to a member function validateAuthenticatedRequest() on null in /mnt/www/html/alshaya01live/docroot/modules/contrib/simple_oauth/src/Server/ResourceServer.php on line 103 #0 /mnt/www/html/alshaya01live/docroot/modules/contrib/simple_oauth/src/Authentication/Provider/SimpleOauthAuthenticationProvider.php(75): Drupal\simple_oauth\Server\ResourceServer->validateAuthenticatedRequest(Object(Symfony\Component\HttpFoundation\Request))
/var/log/sites/alshaya01live/logs/web-2266/php-errors.log-6741-#1 /mnt/www/html/alshaya01live/docroot/core/lib/Drupal/Core/Authentication/AuthenticationManager.php(52): Drupal\simple_oauth\Authentication\Provider\SimpleOauthAuthenticationProvider->authenticate(Object(Symfony\Component\HttpFoundation\Request))
/var/log/sites/alshaya01live/logs/web-2266/php-errors.log-6989-#2 /mnt/www/html/alshaya01live/docroot/core/lib/Drupal/Core/EventSubscriber/AuthenticationSubscriber.php(77): Drupal\Core\Authentication\AuthenticationManager->authenticate(Object(Symfony\Component\HttpFoundation\Request))
/var/log/sites/alshaya01live/logs/web-2266/php-errors.log-7212-#3 [internal function]: Drupal\Core\EventSubscriber\AuthenticationSubscriber->onKernelRequestAuthenticate(Object(Symfony\Component\HttpKernel\Event\RequestEvent), 'kernel.request', Object(Drupal\Component\EventDispatcher\ContainerAwareEventDispatcher))
/var/log/sites/alshaya01live/logs/web-2266/php-errors.log-7465-#4 /mnt/www/html/alshaya01live/docroot/core/lib/Drupal/Component/EventDispatcher/ContainerAwareEventDispatcher.php(142): call_user_func(Array, Object(Symfony\Component\HttpKernel\Event\RequestEvent), 'kernel.request', Object(Drupal\Component\EventDispatcher\ContainerAwareEventDispatcher))
/var/log/sites/alshaya01live/logs/web-2266/php-errors.log-7755-#5 /mnt/www/html/alshaya01live/vendor/symfony/http-kernel/HttpKernel.php(134): Drupal\Component\EventDispatcher\ContainerAwareEventDispatcher->dispatch(Object(Symfony\Component\HttpKernel\Event\RequestEvent), 'kernel.request')
/var/log/sites/alshaya01live/logs/web-2266/php-errors.log-7982-#6 /mnt/www/html/alshaya01live/vendor/symfony/http-kernel/HttpKernel.php(80): Symfony\Component\HttpKernel\HttpKernel->handleRaw(Object(Symfony\Component\HttpFoundation\Request), 1)
/var/log/sites/alshaya01live/logs/web-2266/php-errors.log-8164-#7 /mnt/www/html/alshaya01live/docroot/modules/contrib/simple_oauth/src/HttpMiddleware/BasicAuthSwap.php(67): Symfony\Component\HttpKernel\HttpKernel->handle(Object(Symfony\Component\HttpFoundation\Request), 1, true)
/var/log/sites/alshaya01live/logs/web-2266/php-errors.log-8381-#8 /mnt/www/html/alshaya01live/docroot/core/lib/Drupal/Core/StackMiddleware/Session.php(58): Drupal\simple_oauth\HttpMiddleware\BasicAuthSwap->handle(Object(Symfony\Component\HttpFoundation\Request), 1, true)
/var/log/sites/alshaya01live/logs/web-2266/php-errors.log-8590-#9 /mnt/www/html/alshaya01live/docroot/core/lib/Drupal/Core/StackMiddleware/KernelPreHandle.php(48): Drupal\Core\StackMiddleware\Session->handle(Object(Symfony\Component\HttpFoundation\Request), 1, true)
/var/log/sites/alshaya01live/logs/web-2266/php-errors.log-8794-#10 /mnt/www/html/alshaya01live/docroot/core/modules/page_cache/src/StackMiddleware/PageCache.php(106): Drupal\Core\StackMiddleware\KernelPreHandle->handle(Object(Symfony\Component\HttpFoundation\Request), 1, true)
/var/log/sites/alshaya01live/logs/web-2266/php-errors.log-9009-#11 /mnt/www/html/alshaya01live/docroot/core/modules/page_cache/src/StackMiddleware/PageCache.php(85): Drupal\page_cache\StackMiddleware\PageCache->pass(Object(Symfony\Component\HttpFoundation\Request), 1, true)
/var/log/sites/alshaya01live/logs/web-2266/php-errors.log-9221-#12 /mnt/www/html/alshaya01live/docroot/modules/contrib/shield/src/ShieldMiddleware.php(265): Drupal\page_cache\StackMiddleware\PageCache->handle(Object(Symfony\Component\HttpFoundation\Request), 1, true)
/var/log/sites/alshaya01live/logs/web-2266/php-errors.log-9426-#13 /mnt/www/html/alshaya01live/docroot/modules/contrib/shield/src/ShieldMiddleware.php(132): Drupal\shield\ShieldMiddleware->bypass(Object(Symfony\Component\HttpFoundation\Request), 1, true)
/var/log/sites/alshaya01live/logs/web-2266/php-errors.log-9618-#14 /mnt/www/html/alshaya01live/docroot/core/lib/Drupal/Core/StackMiddleware/ReverseProxyMiddleware.php(48): Drupal\shield\ShieldMiddleware->handle(Object(Symfony\Component\HttpFoundation\Request), 1, true)
/var/log/sites/alshaya01live/logs/web-2266/php-errors.log-9825-#15 /mnt/www/html/alshaya01live/docroot/core/lib/Drupal/Core/StackMiddleware/NegotiationMiddleware.php(51): Drupal\Core\StackMiddleware\ReverseProxyMiddleware->handle(Object(Symfony\Component\HttpFoundation\Request), 1, true)
/var/log/sites/alshaya01live/logs/web-2266/php-errors.log-10051-#16 /mnt/www/html/alshaya01live/vendor/stack/builder/src/Stack/StackedHttpKernel.php(23): Drupal\Core\StackMiddleware\NegotiationMiddleware->handle(Object(Symfony\Component\HttpFoundation\Request), 1, true)
/var/log/sites/alshaya01live/logs/web-2266/php-errors.log-10258-#17 /mnt/www/html/alshaya01live/docroot/core/lib/Drupal/Core/DrupalKernel.php(759): Stack\StackedHttpKernel->handle(Object(Symfony\Component\HttpFoundation\Request), 1, true)
/var/log/sites/alshaya01live/logs/web-2266/php-errors.log-10433-#18 /mnt/www/html/alshaya01live/docroot/index.php(19): Drupal\Core\DrupalKernel->handle(Object(Symfony\Component\HttpFoundation\Request))
/var/log/sites/alshaya01live/logs/web-2266/php-errors.log:10571:#19 {main} request_id="v-556d5f62-6f22-11ed-98bb-cb895a520dec"
